<?xml version="1.0" encoding="UTF-8"?>
<!-- Generated by org.testng.reporters.JUnitXMLReporter -->
<testsuite ignored="26" hostname="NSL-6388" failures="9" tests="19" name="Test(failed)" time="676.93" errors="0" timestamp="2024-02-27T13:13:34 IST">
  <testcase classname="loungePro.testcases.SuperAdminDashboardTest" name="verifyRolesTab" time="19.141"/>
  <testcase classname="loungePro.testcases.SuperAdminDashboardTest" name="verifyLogOutUser" time="16.001"/>
  <testcase classname="loungePro.testcases.DailyLogTest" name="verifyDailylogByManager" time="0.008">
    <failure type="java.lang.NullPointerException" message="Cannot invoke &amp;quot;java.util.List.size()&amp;quot; because &amp;quot;this.listOfElements&amp;quot; is null">
      <![CDATA[java.lang.NullPointerException: Cannot invoke "java.util.List.size()" because "this.listOfElements" is null
at loungePro.testcases.DailyLogTest.verifyDailylogByManager(DailyLogTest.java:90)
at java.base/java.util.ArrayList.forEach(ArrayList.java:1596)
... Removed 25 stack frames]]>
    </failure>
  </testcase> <!-- verifyDailylogByManager -->
  <testcase classname="loungePro.testcases.DailyLogTest" name="verifyDailylogByManager" time="0.003">
    <failure type="java.lang.NullPointerException" message="Cannot invoke &amp;quot;java.util.List.size()&amp;quot; because &amp;quot;this.listOfElements&amp;quot; is null">
      <![CDATA[java.lang.NullPointerException: Cannot invoke "java.util.List.size()" because "this.listOfElements" is null
at loungePro.testcases.DailyLogTest.verifyDailylogByManager(DailyLogTest.java:90)
at java.base/java.util.ArrayList.forEach(ArrayList.java:1596)
... Removed 25 stack frames]]>
    </failure>
  </testcase> <!-- verifyDailylogByManager -->
  <testcase classname="loungePro.testcases.DailyLogTest" name="verifyDailylogByManager" time="0.005">
    <failure type="java.lang.NullPointerException" message="Cannot invoke &amp;quot;java.util.List.size()&amp;quot; because &amp;quot;this.listOfElements&amp;quot; is null">
      <![CDATA[java.lang.NullPointerException: Cannot invoke "java.util.List.size()" because "this.listOfElements" is null
at loungePro.testcases.DailyLogTest.verifyDailylogByManager(DailyLogTest.java:90)
at java.base/java.util.ArrayList.forEach(ArrayList.java:1596)
... Removed 25 stack frames]]>
    </failure>
  </testcase> <!-- verifyDailylogByManager -->
  <testcase classname="loungePro.testcases.DailyLogTest" name="verifyDailylogByManager" time="0.003">
    <failure type="java.lang.NullPointerException" message="Cannot invoke &amp;quot;java.util.List.size()&amp;quot; because &amp;quot;this.listOfElements&amp;quot; is null">
      <![CDATA[java.lang.NullPointerException: Cannot invoke "java.util.List.size()" because "this.listOfElements" is null
at loungePro.testcases.DailyLogTest.verifyDailylogByManager(DailyLogTest.java:90)
at java.base/java.util.ArrayList.forEach(ArrayList.java:1596)
... Removed 25 stack frames]]>
    </failure>
  </testcase> <!-- verifyDailylogByManager -->
  <testcase classname="loungePro.testcases.DailyLogTest" name="verifyDailylogByManager" time="0.0">
    <failure type="java.lang.NullPointerException" message="Cannot invoke &amp;quot;java.util.List.size()&amp;quot; because &amp;quot;this.listOfElements&amp;quot; is null">
      <![CDATA[java.lang.NullPointerException: Cannot invoke "java.util.List.size()" because "this.listOfElements" is null
at loungePro.testcases.DailyLogTest.verifyDailylogByManager(DailyLogTest.java:90)
at java.base/java.util.ArrayList.forEach(ArrayList.java:1596)
... Removed 25 stack frames]]>
    </failure>
  </testcase> <!-- verifyDailylogByManager -->
  <testcase classname="loungePro.testcases.DailyLogTest" name="verifyDailyLogPageURL" time="3.032"/>
  <testcase classname="loungePro.testcases.DailyLogTest" name="verifyLogEntryAlreadyExists" time="65.164">
    <failure type="org.openqa.selenium.NoSuchElementException" message="no such element: Unable to locate element: {&amp;quot;method&amp;quot;:&amp;quot;xpath&amp;quot;,&amp;quot;selector&amp;quot;:&amp;quot;//div[@class=&amp;apos;feedback-message-text&amp;apos;]&amp;quot;}
  (Session info: chrome=121.0.6167.189)
For documentation on this error, please visit: https://www.selenium.dev/documentation/webdriver/troubleshooting/errors#no-such-element-exception
Build info: version: &amp;apos;4.17.0&amp;apos;, revision: &amp;apos;e52b1be057*&amp;apos;
System info: os.name: &amp;apos;Windows 11&amp;apos;, os.arch: &amp;apos;amd64&amp;apos;, os.version: &amp;apos;10.0&amp;apos;, java.version: &amp;apos;21.0.1&amp;apos;
Driver info: org.openqa.selenium.chrome.ChromeDriver
Command: [5cc714e49f1a3de3801414d560c0a275, findElement {using=xpath, value=//div[@class=&amp;apos;feedback-message-text&amp;apos;]}]
Capabilities {acceptInsecureCerts: false, browserName: chrome, browserVersion: 121.0.6167.189, chrome: {chromedriverVersion: 121.0.6167.184 (057a8ae7deb..., userDataDir: C:\Users\RThite\AppData\Loc...}, fedcm:accounts: true, goog:chromeOptions: {debuggerAddress: localhost:61696}, networkConnectionEnabled: false, pageLoadStrategy: normal, platformName: windows, proxy: Proxy(), se:cdp: ws://localhost:61696/devtoo..., se:cdpVersion: 121.0.6167.189, setWindowRect: true, strictFileInteractability: false, timeouts: {implicit: 0, pageLoad: 300000, script: 30000}, unhandledPromptBehavior: dismiss and notify, webauthn:extension:credBlob: true, webauthn:extension:largeBlob: true, webauthn:extension:minPinLength: true, webauthn:extension:prf: true, webauthn:virtualAuthenticators: true}
Session ID: 5cc714e49f1a3de3801414d560c0a275">
      <![CDATA[org.openqa.selenium.NoSuchElementException: no such element: Unable to locate element: {"method":"xpath","selector":"//div[@class='feedback-message-text']"}
  (Session info: chrome=121.0.6167.189)
For documentation on this error, please visit: https://www.selenium.dev/documentation/webdriver/troubleshooting/errors#no-such-element-exception
Build info: version: '4.17.0', revision: 'e52b1be057*'
System info: os.name: 'Windows 11', os.arch: 'amd64', os.version: '10.0', java.version: '21.0.1'
Driver info: org.openqa.selenium.chrome.ChromeDriver
Command: [5cc714e49f1a3de3801414d560c0a275, findElement {using=xpath, value=//div[@class='feedback-message-text']}]
Capabilities {acceptInsecureCerts: false, browserName: chrome, browserVersion: 121.0.6167.189, chrome: {chromedriverVersion: 121.0.6167.184 (057a8ae7deb..., userDataDir: C:\Users\RThite\AppData\Loc...}, fedcm:accounts: true, goog:chromeOptions: {debuggerAddress: localhost:61696}, networkConnectionEnabled: false, pageLoadStrategy: normal, platformName: windows, proxy: Proxy(), se:cdp: ws://localhost:61696/devtoo..., se:cdpVersion: 121.0.6167.189, setWindowRect: true, strictFileInteractability: false, timeouts: {implicit: 0, pageLoad: 300000, script: 30000}, unhandledPromptBehavior: dismiss and notify, webauthn:extension:credBlob: true, webauthn:extension:largeBlob: true, webauthn:extension:minPinLength: true, webauthn:extension:prf: true, webauthn:virtualAuthenticators: true}
Session ID: 5cc714e49f1a3de3801414d560c0a275
at org.openqa.selenium.remote.codec.w3c.W3CHttpResponseCodec.createException(W3CHttpResponseCodec.java:185)
at org.openqa.selenium.remote.codec.w3c.W3CHttpResponseCodec.decode(W3CHttpResponseCodec.java:134)
at org.openqa.selenium.remote.codec.w3c.W3CHttpResponseCodec.decode(W3CHttpResponseCodec.java:51)
at org.openqa.selenium.remote.HttpCommandExecutor.execute(HttpCommandExecutor.java:190)
at org.openqa.selenium.remote.service.DriverCommandExecutor.invokeExecute(DriverCommandExecutor.java:216)
at org.openqa.selenium.remote.service.DriverCommandExecutor.execute(DriverCommandExecutor.java:174)
at org.openqa.selenium.remote.RemoteWebDriver.execute(RemoteWebDriver.java:519)
at org.openqa.selenium.remote.ElementLocation$ElementFinder$2.findElement(ElementLocation.java:165)
at org.openqa.selenium.remote.ElementLocation.findElement(ElementLocation.java:59)
at org.openqa.selenium.remote.RemoteWebDriver.findElement(RemoteWebDriver.java:356)
at org.openqa.selenium.remote.RemoteWebDriver.findElement(RemoteWebDriver.java:350)
at loungePro.pages.DailyLogPage.dailyLogEntryExists(DailyLogPage.java:185)
at loungePro.testcases.DailyLogTest.verifyLogEntryAlreadyExists(DailyLogTest.java:193)
at java.base/java.util.ArrayList.forEach(ArrayList.java:1596)
... Removed 28 stack frames]]>
    </failure>
  </testcase> <!-- verifyLogEntryAlreadyExists -->
  <testcase classname="loungePro.testcases.DailyLogTest" name="verifClearButton" time="8.388"/>
  <testcase classname="loungePro.testcases.DailyLogTest" name="verifyDefaultValues" time="8.239"/>
  <testcase classname="loungePro.testcases.CreateCompanyTest" name="verifyCreateCompanyURLOnClickOfBackIcon" time="8.19"/>
  <testcase classname="loungePro.testcases.DailyManagerLogTest" name="verifyNumberOfItems" time="6.03"/>
  <testcase classname="loungePro.testcases.DailyManagerLogTest" name="verifyNewlyAddedManagerLogEntries" time="5.275">
    <failure type="java.lang.AssertionError" message="Shift is not matched expected [AutomationManager Three] but found [PM]">
      <![CDATA[java.lang.AssertionError: Shift is not matched expected [AutomationManager Three] but found [PM]
at loungePro.testcases.DailyManagerLogTest.verifyNewlyAddedManagerLogEntries(DailyManagerLogTest.java:232)
at java.base/java.util.ArrayList.forEach(ArrayList.java:1596)
... Removed 30 stack frames]]>
    </failure>
  </testcase> <!-- verifyNewlyAddedManagerLogEntries -->
  <testcase classname="loungePro.testcases.DailyManagerLogTest" name="verifyNewlyAddedManagerLogEntries" time="5.071">
    <failure type="java.lang.AssertionError" message="Name is not matching matched expected [AutomationManager Four] but found [AutomationManagerTwo]">
      <![CDATA[java.lang.AssertionError: Name is not matching matched expected [AutomationManager Four] but found [AutomationManagerTwo]
at loungePro.testcases.DailyManagerLogTest.verifyNewlyAddedManagerLogEntries(DailyManagerLogTest.java:216)
at java.base/java.util.ArrayList.forEach(ArrayList.java:1596)
... Removed 30 stack frames]]>
    </failure>
  </testcase> <!-- verifyNewlyAddedManagerLogEntries -->
  <testcase classname="loungePro.testcases.DailyManagerLogTest" name="verifyNewlyAddedManagerLogEntries" time="50.06">
    <failure type="org.openqa.selenium.NoSuchElementException" message="no such element: Unable to locate element: {&amp;quot;method&amp;quot;:&amp;quot;xpath&amp;quot;,&amp;quot;selector&amp;quot;:&amp;quot;(//table[@role=&amp;apos;grid&amp;apos;]/tbody/tr[0]/td/div[1])[1]&amp;quot;}
  (Session info: chrome=121.0.6167.189)
For documentation on this error, please visit: https://www.selenium.dev/documentation/webdriver/troubleshooting/errors#no-such-element-exception
Build info: version: &amp;apos;4.17.0&amp;apos;, revision: &amp;apos;e52b1be057*&amp;apos;
System info: os.name: &amp;apos;Windows 11&amp;apos;, os.arch: &amp;apos;amd64&amp;apos;, os.version: &amp;apos;10.0&amp;apos;, java.version: &amp;apos;21.0.1&amp;apos;
Driver info: org.openqa.selenium.chrome.ChromeDriver
Command: [87849cd4e584938212e216d429e55b75, findElement {using=xpath, value=(//table[@role=&amp;apos;grid&amp;apos;]/tbody/tr[0]/td/div[1])[1]}]
Capabilities {acceptInsecureCerts: false, browserName: chrome, browserVersion: 121.0.6167.189, chrome: {chromedriverVersion: 121.0.6167.184 (057a8ae7deb..., userDataDir: C:\Users\RThite\AppData\Loc...}, fedcm:accounts: true, goog:chromeOptions: {debuggerAddress: localhost:62134}, networkConnectionEnabled: false, pageLoadStrategy: normal, platformName: windows, proxy: Proxy(), se:cdp: ws://localhost:62134/devtoo..., se:cdpVersion: 121.0.6167.189, setWindowRect: true, strictFileInteractability: false, timeouts: {implicit: 0, pageLoad: 300000, script: 30000}, unhandledPromptBehavior: dismiss and notify, webauthn:extension:credBlob: true, webauthn:extension:largeBlob: true, webauthn:extension:minPinLength: true, webauthn:extension:prf: true, webauthn:virtualAuthenticators: true}
Session ID: 87849cd4e584938212e216d429e55b75">
      <![CDATA[org.openqa.selenium.NoSuchElementException: no such element: Unable to locate element: {"method":"xpath","selector":"(//table[@role='grid']/tbody/tr[0]/td/div[1])[1]"}
  (Session info: chrome=121.0.6167.189)
For documentation on this error, please visit: https://www.selenium.dev/documentation/webdriver/troubleshooting/errors#no-such-element-exception
Build info: version: '4.17.0', revision: 'e52b1be057*'
System info: os.name: 'Windows 11', os.arch: 'amd64', os.version: '10.0', java.version: '21.0.1'
Driver info: org.openqa.selenium.chrome.ChromeDriver
Command: [87849cd4e584938212e216d429e55b75, findElement {using=xpath, value=(//table[@role='grid']/tbody/tr[0]/td/div[1])[1]}]
Capabilities {acceptInsecureCerts: false, browserName: chrome, browserVersion: 121.0.6167.189, chrome: {chromedriverVersion: 121.0.6167.184 (057a8ae7deb..., userDataDir: C:\Users\RThite\AppData\Loc...}, fedcm:accounts: true, goog:chromeOptions: {debuggerAddress: localhost:62134}, networkConnectionEnabled: false, pageLoadStrategy: normal, platformName: windows, proxy: Proxy(), se:cdp: ws://localhost:62134/devtoo..., se:cdpVersion: 121.0.6167.189, setWindowRect: true, strictFileInteractability: false, timeouts: {implicit: 0, pageLoad: 300000, script: 30000}, unhandledPromptBehavior: dismiss and notify, webauthn:extension:credBlob: true, webauthn:extension:largeBlob: true, webauthn:extension:minPinLength: true, webauthn:extension:prf: true, webauthn:virtualAuthenticators: true}
Session ID: 87849cd4e584938212e216d429e55b75
at org.openqa.selenium.remote.codec.w3c.W3CHttpResponseCodec.createException(W3CHttpResponseCodec.java:185)
at org.openqa.selenium.remote.codec.w3c.W3CHttpResponseCodec.decode(W3CHttpResponseCodec.java:134)
at org.openqa.selenium.remote.codec.w3c.W3CHttpResponseCodec.decode(W3CHttpResponseCodec.java:51)
at org.openqa.selenium.remote.HttpCommandExecutor.execute(HttpCommandExecutor.java:190)
at org.openqa.selenium.remote.service.DriverCommandExecutor.invokeExecute(DriverCommandExecutor.java:216)
at org.openqa.selenium.remote.service.DriverCommandExecutor.execute(DriverCommandExecutor.java:174)
at org.openqa.selenium.remote.RemoteWebDriver.execute(RemoteWebDriver.java:519)
at org.openqa.selenium.remote.ElementLocation$ElementFinder$2.findElement(ElementLocation.java:165)
at org.openqa.selenium.remote.ElementLocation.findElement(ElementLocation.java:59)
at org.openqa.selenium.remote.RemoteWebDriver.findElement(RemoteWebDriver.java:356)
at org.openqa.selenium.remote.RemoteWebDriver.findElement(RemoteWebDriver.java:350)
at loungePro.testcases.DailyManagerLogTest.verifyNewlyAddedManagerLogEntries(DailyManagerLogTest.java:204)
at java.base/java.util.ArrayList.forEach(ArrayList.java:1596)
... Removed 28 stack frames]]>
    </failure>
  </testcase> <!-- verifyNewlyAddedManagerLogEntries -->
  <testcase classname="loungePro.testcases.LogInPageTest" name="verifyValidationMessageNoPasswordEntered" time="5.331"/>
  <testcase classname="loungePro.testcases.RegistrationTest" name="verifyValidationOnReqdFields" time="23.57"/>
  <testcase classname="loungePro.testcases.RegistrationTest" name="verifyManualRegistrionOfPassenger" time="33.155"/>
  <testcase classname="loungePro.testcases.SuperAdminDashboardTest" name="verifyManagerLogTab" time="0.0">
    <ignored/>
  </testcase> <!-- verifyManagerLogTab -->
  <testcase classname="loungePro.testcases.CreateCompanyTest" name="verifyCreateCompanyURL" time="0.0">
    <ignored/>
  </testcase> <!-- verifyCreateCompanyURL -->
  <testcase classname="loungePro.testcases.RegistrationTest" name="verifyNewRegCount" time="0.0">
    <ignored/>
  </testcase> <!-- verifyNewRegCount -->
  <testcase classname="loungePro.testcases.DailyLogTest" name="setExistingLocationsAnsShift" time="0.0">
    <ignored/>
  </testcase> <!-- setExistingLocationsAnsShift -->
  <testcase classname="loungePro.testcases.LogInPageTest" name="verifyParaText" time="0.0">
    <ignored/>
  </testcase> <!-- verifyParaText -->
  <testcase classname="loungePro.testcases.SuperAdminDashboardTest" name="verifyCompanyTab" time="0.0">
    <ignored/>
  </testcase> <!-- verifyCompanyTab -->
  <testcase classname="loungePro.testcases.SuperAdminDashboardTest" name="verifyDownQR" time="0.0">
    <ignored/>
  </testcase> <!-- verifyDownQR -->
  <testcase classname="loungePro.testcases.RegistrationTest" name="verifyOldRegCount" time="0.0">
    <ignored/>
  </testcase> <!-- verifyOldRegCount -->
  <testcase classname="loungePro.testcases.SuperAdminDashboardTest" name="verifyLocationsTab" time="0.0">
    <ignored/>
  </testcase> <!-- verifyLocationsTab -->
  <testcase classname="loungePro.testcases.LogInPageTest" name="verifyCheckIn" time="0.0">
    <ignored/>
  </testcase> <!-- verifyCheckIn -->
  <testcase classname="loungePro.testcases.LogInPageTest" name="verifyValidationMessageWhenNoCredentialsEntered" time="0.0">
    <ignored/>
  </testcase> <!-- verifyValidationMessageWhenNoCredentialsEntered -->
  <testcase classname="loungePro.testcases.SuperAdminDashboardTest" name="verifyCorrectUserName" time="0.0">
    <ignored/>
  </testcase> <!-- verifyCorrectUserName -->
  <testcase classname="loungePro.testcases.DailyManagerLogTest" name="verifyDefaultToDate" time="0.0">
    <ignored/>
  </testcase> <!-- verifyDefaultToDate -->
  <testcase classname="loungePro.testcases.RegistrationTest" name="verifyCancelButton" time="0.0">
    <ignored/>
  </testcase> <!-- verifyCancelButton -->
  <testcase classname="loungePro.testcases.DailyManagerLogTest" name="verifyNewlyAddedManagerLogEntriesOld" time="0.0">
    <ignored/>
  </testcase> <!-- verifyNewlyAddedManagerLogEntriesOld -->
  <testcase classname="loungePro.testcases.SuperAdminDashboardTest" name="verifyCorrectUserRole" time="0.0">
    <ignored/>
  </testcase> <!-- verifyCorrectUserRole -->
  <testcase classname="loungePro.testcases.SuperAdminDashboardTest" name="verifyUsersTab" time="0.0">
    <ignored/>
  </testcase> <!-- verifyUsersTab -->
  <testcase classname="loungePro.testcases.LogInPageTest" name="verifyValidationMessageInvalidIdAndPassword" time="0.0">
    <ignored/>
  </testcase> <!-- verifyValidationMessageInvalidIdAndPassword -->
  <testcase classname="loungePro.testcases.RegistrationTest" name="verifyValidationOfFlightAndLastName" time="0.0">
    <ignored/>
  </testcase> <!-- verifyValidationOfFlightAndLastName -->
  <testcase classname="loungePro.testcases.SuperAdminDashboardTest" name="verifyPassenger" time="0.0">
    <ignored/>
  </testcase> <!-- verifyPassenger -->
  <testcase classname="loungePro.testcases.SuperAdminDashboardTest" name="verifyPermissionsTab" time="0.0">
    <ignored/>
  </testcase> <!-- verifyPermissionsTab -->
  <testcase classname="loungePro.testcases.CreateCompanyTest" name="verifyCompanyCreation" time="0.0">
    <ignored/>
  </testcase> <!-- verifyCompanyCreation -->
  <testcase classname="loungePro.testcases.DailyManagerLogTest" name="verifyDefaultFromDate" time="0.0">
    <ignored/>
  </testcase> <!-- verifyDefaultFromDate -->
  <testcase classname="loungePro.testcases.LogInPageTest" name="verifyPageTitle" time="0.0">
    <ignored/>
  </testcase> <!-- verifyPageTitle -->
  <testcase classname="loungePro.testcases.LogInPageTest" name="verifyParaHeading" time="0.0">
    <ignored/>
  </testcase> <!-- verifyParaHeading -->
  <testcase classname="loungePro.testcases.DailyManagerLogTest" name="verifyDailyManagerLogEntryPageURL" time="0.0">
    <ignored/>
  </testcase> <!-- verifyDailyManagerLogEntryPageURL -->
</testsuite> <!-- Test(failed) -->
