<?xml version="1.0" encoding="UTF-8"?>
<!-- Generated by org.testng.reporters.JUnitXMLReporter -->
<testsuite ignored="8" hostname="NSL-6388" failures="8" tests="10" name="Test(failed)(failed)" time="945.761" errors="0" timestamp="2024-02-27T13:36:51 IST">
  <testcase classname="loungePro.testcases.DailyLogTest" name="verifyDailylogByManager" time="0.026">
    <failure type="java.lang.NullPointerException" message="Cannot invoke &amp;quot;java.util.List.size()&amp;quot; because &amp;quot;this.listOfElements&amp;quot; is null">
      <![CDATA[java.lang.NullPointerException: Cannot invoke "java.util.List.size()" because "this.listOfElements" is null
at loungePro.testcases.DailyLogTest.verifyDailylogByManager(DailyLogTest.java:90)
at java.base/java.util.ArrayList.forEach(ArrayList.java:1596)
... Removed 25 stack frames]]>
    </failure>
  </testcase> <!-- verifyDailylogByManager -->
  <testcase classname="loungePro.testcases.DailyLogTest" name="verifyDailylogByManager" time="0.005">
    <failure type="java.lang.NullPointerException" message="Cannot invoke &amp;quot;java.util.List.size()&amp;quot; because &amp;quot;this.listOfElements&amp;quot; is null">
      <![CDATA[java.lang.NullPointerException: Cannot invoke "java.util.List.size()" because "this.listOfElements" is null
at loungePro.testcases.DailyLogTest.verifyDailylogByManager(DailyLogTest.java:90)
at java.base/java.util.ArrayList.forEach(ArrayList.java:1596)
... Removed 25 stack frames]]>
    </failure>
  </testcase> <!-- verifyDailylogByManager -->
  <testcase classname="loungePro.testcases.DailyLogTest" name="verifyDailylogByManager" time="0.0">
    <failure type="java.lang.NullPointerException" message="Cannot invoke &amp;quot;java.util.List.size()&amp;quot; because &amp;quot;this.listOfElements&amp;quot; is null">
      <![CDATA[java.lang.NullPointerException: Cannot invoke "java.util.List.size()" because "this.listOfElements" is null
at loungePro.testcases.DailyLogTest.verifyDailylogByManager(DailyLogTest.java:90)
at java.base/java.util.ArrayList.forEach(ArrayList.java:1596)
... Removed 25 stack frames]]>
    </failure>
  </testcase> <!-- verifyDailylogByManager -->
  <testcase classname="loungePro.testcases.DailyLogTest" name="verifyDailylogByManager" time="0.006">
    <failure type="java.lang.NullPointerException" message="Cannot invoke &amp;quot;java.util.List.size()&amp;quot; because &amp;quot;this.listOfElements&amp;quot; is null">
      <![CDATA[java.lang.NullPointerException: Cannot invoke "java.util.List.size()" because "this.listOfElements" is null
at loungePro.testcases.DailyLogTest.verifyDailylogByManager(DailyLogTest.java:90)
at java.base/java.util.ArrayList.forEach(ArrayList.java:1596)
... Removed 25 stack frames]]>
    </failure>
  </testcase> <!-- verifyDailylogByManager -->
  <testcase classname="loungePro.testcases.DailyLogTest" name="verifyDailylogByManager" time="0.0">
    <failure type="java.lang.NullPointerException" message="Cannot invoke &amp;quot;java.util.List.size()&amp;quot; because &amp;quot;this.listOfElements&amp;quot; is null">
      <![CDATA[java.lang.NullPointerException: Cannot invoke "java.util.List.size()" because "this.listOfElements" is null
at loungePro.testcases.DailyLogTest.verifyDailylogByManager(DailyLogTest.java:90)
at java.base/java.util.ArrayList.forEach(ArrayList.java:1596)
... Removed 25 stack frames]]>
    </failure>
  </testcase> <!-- verifyDailylogByManager -->
  <testcase classname="loungePro.testcases.DailyLogTest" name="verifyLogEntryAlreadyExists" time="39.293"/>
  <testcase classname="loungePro.testcases.DailyManagerLogTest" name="verifyNumberOfItems" time="36.772"/>
  <testcase classname="loungePro.testcases.DailyManagerLogTest" name="verifyNewlyAddedManagerLogEntries" time="24.199">
    <failure type="java.lang.AssertionError" message="Shift is not matched expected [AutomationManager Three] but found [PM]">
      <![CDATA[java.lang.AssertionError: Shift is not matched expected [AutomationManager Three] but found [PM]
at loungePro.testcases.DailyManagerLogTest.verifyNewlyAddedManagerLogEntries(DailyManagerLogTest.java:232)
at java.base/java.util.ArrayList.forEach(ArrayList.java:1596)
... Removed 30 stack frames]]>
    </failure>
  </testcase> <!-- verifyNewlyAddedManagerLogEntries -->
  <testcase classname="loungePro.testcases.DailyManagerLogTest" name="verifyNewlyAddedManagerLogEntries" time="29.367">
    <failure type="java.lang.AssertionError" message="Name is not matching matched expected [AutomationManager Four] but found [AutomationManagerTwo]">
      <![CDATA[java.lang.AssertionError: Name is not matching matched expected [AutomationManager Four] but found [AutomationManagerTwo]
at loungePro.testcases.DailyManagerLogTest.verifyNewlyAddedManagerLogEntries(DailyManagerLogTest.java:216)
at java.base/java.util.ArrayList.forEach(ArrayList.java:1596)
... Removed 30 stack frames]]>
    </failure>
  </testcase> <!-- verifyNewlyAddedManagerLogEntries -->
  <testcase classname="loungePro.testcases.DailyManagerLogTest" name="verifyNewlyAddedManagerLogEntries" time="50.082">
    <failure type="org.openqa.selenium.NoSuchElementException" message="no such element: Unable to locate element: {&amp;quot;method&amp;quot;:&amp;quot;xpath&amp;quot;,&amp;quot;selector&amp;quot;:&amp;quot;(//table[@role=&amp;apos;grid&amp;apos;]/tbody/tr[0]/td/div[1])[1]&amp;quot;}
  (Session info: chrome=121.0.6167.189)
For documentation on this error, please visit: https://www.selenium.dev/documentation/webdriver/troubleshooting/errors#no-such-element-exception
Build info: version: &amp;apos;4.17.0&amp;apos;, revision: &amp;apos;e52b1be057*&amp;apos;
System info: os.name: &amp;apos;Windows 11&amp;apos;, os.arch: &amp;apos;amd64&amp;apos;, os.version: &amp;apos;10.0&amp;apos;, java.version: &amp;apos;21.0.1&amp;apos;
Driver info: org.openqa.selenium.chrome.ChromeDriver
Command: [a75a015d35c92788de40bac562b7cd11, findElement {using=xpath, value=(//table[@role=&amp;apos;grid&amp;apos;]/tbody/tr[0]/td/div[1])[1]}]
Capabilities {acceptInsecureCerts: false, browserName: chrome, browserVersion: 121.0.6167.189, chrome: {chromedriverVersion: 121.0.6167.184 (057a8ae7deb..., userDataDir: C:\Users\RThite\AppData\Loc...}, fedcm:accounts: true, goog:chromeOptions: {debuggerAddress: localhost:63501}, networkConnectionEnabled: false, pageLoadStrategy: normal, platformName: windows, proxy: Proxy(), se:cdp: ws://localhost:63501/devtoo..., se:cdpVersion: 121.0.6167.189, setWindowRect: true, strictFileInteractability: false, timeouts: {implicit: 0, pageLoad: 300000, script: 30000}, unhandledPromptBehavior: dismiss and notify, webauthn:extension:credBlob: true, webauthn:extension:largeBlob: true, webauthn:extension:minPinLength: true, webauthn:extension:prf: true, webauthn:virtualAuthenticators: true}
Session ID: a75a015d35c92788de40bac562b7cd11">
      <![CDATA[org.openqa.selenium.NoSuchElementException: no such element: Unable to locate element: {"method":"xpath","selector":"(//table[@role='grid']/tbody/tr[0]/td/div[1])[1]"}
  (Session info: chrome=121.0.6167.189)
For documentation on this error, please visit: https://www.selenium.dev/documentation/webdriver/troubleshooting/errors#no-such-element-exception
Build info: version: '4.17.0', revision: 'e52b1be057*'
System info: os.name: 'Windows 11', os.arch: 'amd64', os.version: '10.0', java.version: '21.0.1'
Driver info: org.openqa.selenium.chrome.ChromeDriver
Command: [a75a015d35c92788de40bac562b7cd11, findElement {using=xpath, value=(//table[@role='grid']/tbody/tr[0]/td/div[1])[1]}]
Capabilities {acceptInsecureCerts: false, browserName: chrome, browserVersion: 121.0.6167.189, chrome: {chromedriverVersion: 121.0.6167.184 (057a8ae7deb..., userDataDir: C:\Users\RThite\AppData\Loc...}, fedcm:accounts: true, goog:chromeOptions: {debuggerAddress: localhost:63501}, networkConnectionEnabled: false, pageLoadStrategy: normal, platformName: windows, proxy: Proxy(), se:cdp: ws://localhost:63501/devtoo..., se:cdpVersion: 121.0.6167.189, setWindowRect: true, strictFileInteractability: false, timeouts: {implicit: 0, pageLoad: 300000, script: 30000}, unhandledPromptBehavior: dismiss and notify, webauthn:extension:credBlob: true, webauthn:extension:largeBlob: true, webauthn:extension:minPinLength: true, webauthn:extension:prf: true, webauthn:virtualAuthenticators: true}
Session ID: a75a015d35c92788de40bac562b7cd11
at org.openqa.selenium.remote.codec.w3c.W3CHttpResponseCodec.createException(W3CHttpResponseCodec.java:185)
at org.openqa.selenium.remote.codec.w3c.W3CHttpResponseCodec.decode(W3CHttpResponseCodec.java:134)
at org.openqa.selenium.remote.codec.w3c.W3CHttpResponseCodec.decode(W3CHttpResponseCodec.java:51)
at org.openqa.selenium.remote.HttpCommandExecutor.execute(HttpCommandExecutor.java:190)
at org.openqa.selenium.remote.service.DriverCommandExecutor.invokeExecute(DriverCommandExecutor.java:216)
at org.openqa.selenium.remote.service.DriverCommandExecutor.execute(DriverCommandExecutor.java:174)
at org.openqa.selenium.remote.RemoteWebDriver.execute(RemoteWebDriver.java:519)
at org.openqa.selenium.remote.ElementLocation$ElementFinder$2.findElement(ElementLocation.java:165)
at org.openqa.selenium.remote.ElementLocation.findElement(ElementLocation.java:59)
at org.openqa.selenium.remote.RemoteWebDriver.findElement(RemoteWebDriver.java:356)
at org.openqa.selenium.remote.RemoteWebDriver.findElement(RemoteWebDriver.java:350)
at loungePro.testcases.DailyManagerLogTest.verifyNewlyAddedManagerLogEntries(DailyManagerLogTest.java:204)
at java.base/java.util.ArrayList.forEach(ArrayList.java:1596)
... Removed 28 stack frames]]>
    </failure>
  </testcase> <!-- verifyNewlyAddedManagerLogEntries -->
  <testcase classname="loungePro.testcases.DailyLogTest" name="verifyDefaultValues" time="0.0">
    <ignored/>
  </testcase> <!-- verifyDefaultValues -->
  <testcase classname="loungePro.testcases.DailyLogTest" name="verifClearButton" time="0.0">
    <ignored/>
  </testcase> <!-- verifClearButton -->
  <testcase classname="loungePro.testcases.DailyLogTest" name="verifyDailyLogPageURL" time="0.0">
    <ignored/>
  </testcase> <!-- verifyDailyLogPageURL -->
  <testcase classname="loungePro.testcases.DailyManagerLogTest" name="verifyDefaultToDate" time="0.0">
    <ignored/>
  </testcase> <!-- verifyDefaultToDate -->
  <testcase classname="loungePro.testcases.DailyManagerLogTest" name="verifyNewlyAddedManagerLogEntriesOld" time="0.0">
    <ignored/>
  </testcase> <!-- verifyNewlyAddedManagerLogEntriesOld -->
  <testcase classname="loungePro.testcases.DailyLogTest" name="setExistingLocationsAnsShift" time="0.0">
    <ignored/>
  </testcase> <!-- setExistingLocationsAnsShift -->
  <testcase classname="loungePro.testcases.DailyManagerLogTest" name="verifyDefaultFromDate" time="0.0">
    <ignored/>
  </testcase> <!-- verifyDefaultFromDate -->
  <testcase classname="loungePro.testcases.DailyManagerLogTest" name="verifyDailyManagerLogEntryPageURL" time="0.0">
    <ignored/>
  </testcase> <!-- verifyDailyManagerLogEntryPageURL -->
</testsuite> <!-- Test(failed)(failed) -->
